<?xml version="1.0" encoding="UTF-8"?>
<testsuites name="jest tests" tests="1" failures="0" time="11.732">
  <testsuite name="Query.chats" errors="0" failures="0" skipped="0" timestamp="2019-07-22T09:43:31" time="8.382" tests="1">
    <testcase classname="Query.chats should fetch all chats" name="Query.chats should fetch all chats" time="0.045">
    </testcase>
  </testsuite>
</testsuites>